17:29:54.069 INFO   com.company.Main - Запущен интерфейс
17:29:55.009 INFO   com.company.GUI - Программа запущена
17:30:27.980 INFO   com.company.GUI - Начата новая игра
17:30:30.574 INFO   com.company.GUI - Пользователь сделал ставку
17:30:30.622 INFO   com.company.GUI - Игрок под номером 2 сделал действие
17:30:30.625 INFO   com.company.GUI - Игрок под номером 3 сделал действие
17:30:30.625 INFO   com.company.GUI - Игрок под номером 4 сделал действие
17:30:30.626 INFO   com.company.GUI - Игрок под номером 5 сделал действие
17:30:30.626 INFO   com.company.GUI - Игрок под номером 6 сделал действие
17:30:31.269 INFO   com.company.GUI - Пользователь сделал ставку
17:30:31.308 INFO   com.company.GUI - Игрок под номером 2 сделал действие
17:30:31.309 INFO   com.company.GUI - Игрок под номером 3 сделал действие
17:30:31.310 INFO   com.company.GUI - Игрок под номером 4 сделал действие
17:30:31.310 INFO   com.company.GUI - Игрок под номером 5 сделал действие
17:30:31.310 INFO   com.company.GUI - Игрок под номером 6 сделал действие
17:30:31.927 INFO   com.company.GUI - Пользователь сделал ставку
17:30:31.929 INFO   com.company.GUI - Игрок под номером 2 сделал действие
17:30:31.930 INFO   com.company.GUI - Игрок под номером 3 сделал действие
17:30:31.930 INFO   com.company.GUI - Игрок под номером 4 сделал действие
17:30:31.930 INFO   com.company.GUI - Игрок под номером 5 сделал действие
17:30:31.931 INFO   com.company.GUI - Игрок под номером 6 сделал действие
17:30:32.696 INFO   com.company.GUI - Пользователь сделал ставку
17:30:32.699 INFO   com.company.GUI - Игрок под номером 2 сделал действие
17:30:32.699 INFO   com.company.GUI - Игрок под номером 3 сделал действие
17:30:32.699 INFO   com.company.GUI - Игрок под номером 4 сделал действие
17:30:32.699 INFO   com.company.GUI - Игрок под номером 5 сделал действие
17:30:32.699 INFO   com.company.GUI - Игрок под номером 6 сделал действие
17:30:32.782 INFO   com.company.GUI - Найден победитель
17:30:38.563 INFO   com.company.GUI - Пользователь сделал ставку
17:30:38.565 INFO   com.company.GUI - Игрок под номером 2 сделал действие
17:30:38.565 INFO   com.company.GUI - Игрок под номером 3 сделал действие
17:30:38.565 INFO   com.company.GUI - Игрок под номером 4 сделал действие
17:30:38.566 INFO   com.company.GUI - Игрок под номером 5 сделал действие
17:30:38.566 INFO   com.company.GUI - Игрок под номером 6 сделал действие
17:30:39.099 INFO   com.company.GUI - Пользователь сделал ставку
17:30:39.101 INFO   com.company.GUI - Игрок под номером 2 сделал действие
17:30:39.101 INFO   com.company.GUI - Игрок под номером 3 сделал действие
17:30:39.101 INFO   com.company.GUI - Игрок под номером 4 сделал действие
17:30:39.102 INFO   com.company.GUI - Игрок под номером 5 сделал действие
17:30:39.102 INFO   com.company.GUI - Игрок под номером 6 сделал действие
17:30:39.773 INFO   com.company.GUI - Пользователь сделал ставку
17:30:39.775 INFO   com.company.GUI - Игрок под номером 2 сделал действие
17:30:39.775 INFO   com.company.GUI - Игрок под номером 3 сделал действие
17:30:39.775 INFO   com.company.GUI - Игрок под номером 4 сделал действие
17:30:39.776 INFO   com.company.GUI - Игрок под номером 5 сделал действие
17:30:39.776 INFO   com.company.GUI - Игрок под номером 6 сделал действие
17:30:40.764 INFO   com.company.GUI - Пользователь сделал ставку
17:30:40.766 INFO   com.company.GUI - Игрок под номером 2 сделал действие
17:30:40.766 INFO   com.company.GUI - Игрок под номером 3 сделал действие
17:30:40.767 INFO   com.company.GUI - Игрок под номером 4 сделал действие
17:30:40.767 INFO   com.company.GUI - Игрок под номером 5 сделал действие
17:30:40.768 INFO   com.company.GUI - Игрок под номером 6 сделал действие
17:30:40.887 INFO   com.company.GUI - Найден победитель
17:30:44.398 INFO   com.company.GUI - Пользователь сделал ставку
17:30:44.400 INFO   com.company.GUI - Игрок под номером 2 сделал действие
17:30:44.400 INFO   com.company.GUI - Игрок под номером 3 сделал действие
17:30:44.400 INFO   com.company.GUI - Игрок под номером 4 сделал действие
17:30:44.400 INFO   com.company.GUI - Игрок под номером 5 сделал действие
17:30:44.401 INFO   com.company.GUI - Игрок под номером 6 сделал действие
17:30:46.210 INFO   com.company.GUI - Пользователь сделал ставку
17:30:46.212 INFO   com.company.GUI - Игрок под номером 2 сделал действие
17:30:46.212 INFO   com.company.GUI - Игрок под номером 3 сделал действие
17:30:46.212 INFO   com.company.GUI - Игрок под номером 4 сделал действие
17:30:46.213 INFO   com.company.GUI - Игрок под номером 5 сделал действие
17:30:46.213 INFO   com.company.GUI - Игрок под номером 6 сделал действие
17:30:47.121 INFO   com.company.GUI - Пользователь сделал ставку
17:30:47.123 INFO   com.company.GUI - Игрок под номером 2 сделал действие
17:30:47.123 INFO   com.company.GUI - Игрок под номером 3 сделал действие
17:30:47.123 INFO   com.company.GUI - Игрок под номером 4 сделал действие
17:30:47.124 INFO   com.company.GUI - Игрок под номером 5 сделал действие
17:30:47.124 INFO   com.company.GUI - Игрок под номером 6 сделал действие
17:30:48.142 INFO   com.company.GUI - Пользователь сделал ставку
17:30:48.144 INFO   com.company.GUI - Игрок под номером 2 сделал действие
17:30:48.145 INFO   com.company.GUI - Игрок под номером 3 сделал действие
17:30:48.145 INFO   com.company.GUI - Игрок под номером 4 сделал действие
17:30:48.145 INFO   com.company.GUI - Игрок под номером 5 сделал действие
17:30:48.145 INFO   com.company.GUI - Игрок под номером 6 сделал действие
17:30:48.251 INFO   com.company.GUI - Найден победитель
17:30:51.818 INFO   com.company.GUI - Пользователь сделал ставку
17:30:51.820 INFO   com.company.GUI - Игрок под номером 2 сделал действие
17:30:51.820 INFO   com.company.GUI - Игрок под номером 3 сделал действие
17:30:52.447 INFO   com.company.GUI - Пользователь сделал ставку
17:30:52.448 INFO   com.company.GUI - Игрок под номером 2 сделал действие
17:30:52.449 INFO   com.company.GUI - Игрок под номером 3 сделал действие
17:30:53.104 INFO   com.company.GUI - Пользователь сделал ставку
17:30:53.105 INFO   com.company.GUI - Игрок под номером 2 сделал действие
17:30:53.106 INFO   com.company.GUI - Игрок под номером 3 сделал действие
17:30:53.719 INFO   com.company.GUI - Пользователь сделал ставку
17:30:53.721 INFO   com.company.GUI - Игрок под номером 2 сделал действие
17:30:53.721 INFO   com.company.GUI - Игрок под номером 3 сделал действие
17:30:53.825 INFO   com.company.GUI - Найден победитель
17:30:57.398 INFO   com.company.GUI - Пользователь сделал ставку
17:30:57.400 INFO   com.company.GUI - Игрок под номером 2 сделал действие
17:30:57.933 INFO   com.company.GUI - Пользователь сделал ставку
17:30:57.934 INFO   com.company.GUI - Игрок под номером 2 сделал действие
17:30:58.530 INFO   com.company.GUI - Пользователь сделал ставку
17:30:58.531 INFO   com.company.GUI - Игрок под номером 2 сделал действие
17:30:59.161 INFO   com.company.GUI - Пользователь сделал ставку
17:30:59.162 INFO   com.company.GUI - Игрок под номером 2 сделал действие
17:30:59.198 INFO   com.company.GUI - Найден победитель
17:32:03.768 INFO   com.company.GUI - Пользователь сделал ставку
17:32:03.769 INFO   com.company.GUI - Игрок под номером 2 сделал действие
17:32:04.333 INFO   com.company.GUI - Пользователь сделал ставку
17:32:04.334 INFO   com.company.GUI - Игрок под номером 2 сделал действие
17:32:04.872 INFO   com.company.GUI - Пользователь сделал ставку
17:32:04.873 INFO   com.company.GUI - Игрок под номером 2 сделал действие
17:32:05.536 INFO   com.company.GUI - Пользователь сделал ставку
17:32:05.538 INFO   com.company.GUI - Игрок под номером 2 сделал действие
17:32:05.622 INFO   com.company.GUI - Найден победитель
17:32:08.590 INFO   com.company.GUI - Пользователь победил
17:32:12.902 INFO   com.company.GUI - Выход из игры
17:33:49.831 INFO   com.company.Main - Запущен интерфейс
17:33:50.828 INFO   com.company.GUI - Программа запущена
17:33:53.320 INFO   com.company.GUI - Начата новая игра
17:33:56.333 INFO   com.company.GUI - Пользователь сделал ставку
17:33:56.339 INFO   com.company.GUI - Игрок под номером 2 сделал действие
17:33:56.346 INFO   com.company.GUI - Игрок под номером 3 сделал действие
17:33:56.346 INFO   com.company.GUI - Игрок под номером 4 сделал действие
17:33:56.347 INFO   com.company.GUI - Игрок под номером 5 сделал действие
17:33:56.347 INFO   com.company.GUI - Игрок под номером 6 сделал действие
17:33:56.863 INFO   com.company.GUI - Пользователь сделал ставку
17:33:56.865 INFO   com.company.GUI - Игрок под номером 2 сделал действие
17:33:56.866 INFO   com.company.GUI - Игрок под номером 3 сделал действие
17:33:56.866 INFO   com.company.GUI - Игрок под номером 4 сделал действие
17:33:56.866 INFO   com.company.GUI - Игрок под номером 5 сделал действие
17:33:56.867 INFO   com.company.GUI - Игрок под номером 6 сделал действие
17:33:57.460 INFO   com.company.GUI - Пользователь сделал ставку
17:33:57.463 INFO   com.company.GUI - Игрок под номером 2 сделал действие
17:33:57.464 INFO   com.company.GUI - Игрок под номером 3 сделал действие
17:33:57.465 INFO   com.company.GUI - Игрок под номером 4 сделал действие
17:33:57.466 INFO   com.company.GUI - Игрок под номером 5 сделал действие
17:33:57.467 INFO   com.company.GUI - Игрок под номером 6 сделал действие
17:33:57.993 INFO   com.company.GUI - Пользователь сделал ставку
17:33:57.995 INFO   com.company.GUI - Игрок под номером 2 сделал действие
17:33:57.996 INFO   com.company.GUI - Игрок под номером 3 сделал действие
17:33:57.996 INFO   com.company.GUI - Игрок под номером 4 сделал действие
17:33:57.997 INFO   com.company.GUI - Игрок под номером 5 сделал действие
17:33:57.998 INFO   com.company.GUI - Игрок под номером 6 сделал действие
17:33:58.109 INFO   com.company.GUI - Найден победитель
17:34:03.011 INFO   com.company.GUI - Пользователь сделал ставку
17:34:03.013 INFO   com.company.GUI - Игрок под номером 2 сделал действие
17:34:03.013 INFO   com.company.GUI - Игрок под номером 3 сделал действие
17:34:03.013 INFO   com.company.GUI - Игрок под номером 4 сделал действие
17:34:03.014 INFO   com.company.GUI - Игрок под номером 5 сделал действие
17:34:03.014 INFO   com.company.GUI - Игрок под номером 6 сделал действие
17:34:03.628 INFO   com.company.GUI - Пользователь сделал ставку
17:34:03.630 INFO   com.company.GUI - Игрок под номером 2 сделал действие
17:34:03.631 INFO   com.company.GUI - Игрок под номером 3 сделал действие
17:34:03.632 INFO   com.company.GUI - Игрок под номером 4 сделал действие
17:34:03.632 INFO   com.company.GUI - Игрок под номером 5 сделал действие
17:34:03.632 INFO   com.company.GUI - Игрок под номером 6 сделал действие
17:34:04.347 INFO   com.company.GUI - Пользователь сделал ставку
17:34:04.349 INFO   com.company.GUI - Игрок под номером 2 сделал действие
17:34:04.349 INFO   com.company.GUI - Игрок под номером 3 сделал действие
17:34:04.350 INFO   com.company.GUI - Игрок под номером 4 сделал действие
17:34:04.350 INFO   com.company.GUI - Игрок под номером 5 сделал действие
17:34:04.351 INFO   com.company.GUI - Игрок под номером 6 сделал действие
17:34:06.610 INFO   com.company.GUI - Пользователь сделал ставку
17:34:06.611 INFO   com.company.GUI - Игрок под номером 2 сделал действие
17:34:06.612 INFO   com.company.GUI - Игрок под номером 3 сделал действие
17:34:06.612 INFO   com.company.GUI - Игрок под номером 4 сделал действие
17:34:06.613 INFO   com.company.GUI - Игрок под номером 5 сделал действие
17:34:06.613 INFO   com.company.GUI - Игрок под номером 6 сделал действие
17:34:06.738 INFO   com.company.GUI - Найден победитель
17:34:08.750 INFO   com.company.GUI - Пользователь проиграл
17:34:12.368 INFO   com.company.GUI - Выход из игры
