12:57:43.956 INFO   com.company.Main - Запущен интерфейс
12:57:45.223 INFO   com.company.GUI - Программа запущена
12:58:00.728 INFO   com.company.GUI - Начата новая игра
12:58:23.532 INFO   com.company.GUI - Пользователь сделал ставку
12:58:23.542 INFO   com.company.GUI - Игрок под номером 2 сделал действие
12:58:23.553 INFO   com.company.GUI - Игрок под номером 3 сделал действие
12:58:23.553 INFO   com.company.GUI - Игрок под номером 4 сделал действие
12:58:23.554 INFO   com.company.GUI - Игрок под номером 5 сделал действие
12:58:23.554 INFO   com.company.GUI - Игрок под номером 6 сделал действие
12:58:32.046 INFO   com.company.GUI - Пользователь сделал ставку
12:58:32.051 INFO   com.company.GUI - Игрок под номером 2 сделал действие
12:58:32.052 INFO   com.company.GUI - Игрок под номером 3 сделал действие
12:58:32.052 INFO   com.company.GUI - Игрок под номером 4 сделал действие
12:58:32.053 INFO   com.company.GUI - Игрок под номером 5 сделал действие
12:58:32.053 INFO   com.company.GUI - Игрок под номером 6 сделал действие
12:58:40.369 INFO   com.company.GUI - Пользователь сделал ставку
12:58:40.372 INFO   com.company.GUI - Игрок под номером 2 сделал действие
12:58:40.373 INFO   com.company.GUI - Игрок под номером 3 сделал действие
12:58:40.374 INFO   com.company.GUI - Игрок под номером 4 сделал действие
12:58:40.375 INFO   com.company.GUI - Игрок под номером 5 сделал действие
12:58:40.375 INFO   com.company.GUI - Игрок под номером 6 сделал действие
12:58:47.140 INFO   com.company.GUI - Пользователь сделал ставку
12:58:47.142 INFO   com.company.GUI - Игрок под номером 2 сделал действие
12:58:47.142 INFO   com.company.GUI - Игрок под номером 3 сделал действие
12:58:47.142 INFO   com.company.GUI - Игрок под номером 4 сделал действие
12:58:47.144 INFO   com.company.GUI - Игрок под номером 5 сделал действие
12:58:47.145 INFO   com.company.GUI - Игрок под номером 6 сделал действие
12:58:47.326 INFO   com.company.GUI - Найден победитель
13:02:51.747 INFO   com.company.GUI - Пользователь сделал ставку
13:02:51.749 INFO   com.company.GUI - Игрок под номером 2 сделал действие
13:02:51.750 INFO   com.company.GUI - Игрок под номером 3 сделал действие
13:02:51.751 INFO   com.company.GUI - Игрок под номером 4 сделал действие
13:02:51.751 INFO   com.company.GUI - Игрок под номером 5 сделал действие
13:02:51.752 INFO   com.company.GUI - Игрок под номером 6 сделал действие
13:02:52.387 INFO   com.company.GUI - Пользователь сделал ставку
13:02:52.390 INFO   com.company.GUI - Игрок под номером 2 сделал действие
13:02:52.391 INFO   com.company.GUI - Игрок под номером 3 сделал действие
13:02:52.428 INFO   com.company.GUI - Игрок под номером 4 сделал действие
13:02:52.429 INFO   com.company.GUI - Игрок под номером 5 сделал действие
13:02:52.430 INFO   com.company.GUI - Игрок под номером 6 сделал действие
13:02:53.168 INFO   com.company.GUI - Пользователь сделал ставку
13:02:53.171 INFO   com.company.GUI - Игрок под номером 2 сделал действие
13:02:53.172 INFO   com.company.GUI - Игрок под номером 3 сделал действие
13:02:53.172 INFO   com.company.GUI - Игрок под номером 4 сделал действие
13:02:53.173 INFO   com.company.GUI - Игрок под номером 5 сделал действие
13:02:53.173 INFO   com.company.GUI - Игрок под номером 6 сделал действие
13:02:53.828 INFO   com.company.GUI - Пользователь сделал ставку
13:02:53.829 INFO   com.company.GUI - Игрок под номером 2 сделал действие
13:02:53.830 INFO   com.company.GUI - Игрок под номером 3 сделал действие
13:02:53.830 INFO   com.company.GUI - Игрок под номером 4 сделал действие
13:02:53.831 INFO   com.company.GUI - Игрок под номером 5 сделал действие
13:02:53.831 INFO   com.company.GUI - Игрок под номером 6 сделал действие
13:02:53.990 INFO   com.company.GUI - Найден победитель
13:03:33.260 INFO   com.company.GUI - Пользователь сделал ставку
13:03:33.261 INFO   com.company.GUI - Игрок под номером 2 сделал действие
13:03:33.262 INFO   com.company.GUI - Игрок под номером 3 сделал действие
13:03:33.262 INFO   com.company.GUI - Игрок под номером 4 сделал действие
13:03:33.858 INFO   com.company.GUI - Пользователь сделал ставку
13:03:33.860 INFO   com.company.GUI - Игрок под номером 2 сделал действие
13:03:33.861 INFO   com.company.GUI - Игрок под номером 3 сделал действие
13:03:33.861 INFO   com.company.GUI - Игрок под номером 4 сделал действие
13:03:34.441 INFO   com.company.GUI - Пользователь сделал ставку
13:03:34.442 INFO   com.company.GUI - Игрок под номером 2 сделал действие
13:03:34.443 INFO   com.company.GUI - Игрок под номером 3 сделал действие
13:03:34.443 INFO   com.company.GUI - Игрок под номером 4 сделал действие
13:03:37.908 INFO   com.company.GUI - Пользователь сделал ставку
13:03:37.910 INFO   com.company.GUI - Игрок под номером 2 сделал действие
13:03:37.910 INFO   com.company.GUI - Игрок под номером 3 сделал действие
13:03:37.911 INFO   com.company.GUI - Игрок под номером 4 сделал действие
13:03:38.050 INFO   com.company.GUI - Найден победитель
13:05:33.880 INFO   com.company.GUI - Пользователь сделал ставку
13:05:33.881 INFO   com.company.GUI - Игрок под номером 2 сделал действие
13:05:35.936 INFO   com.company.GUI - Пользователь сделал ставку
13:05:35.937 INFO   com.company.GUI - Игрок под номером 2 сделал действие
13:05:47.317 INFO   com.company.GUI - Пользователь сделал ставку
13:05:47.318 INFO   com.company.GUI - Игрок под номером 2 сделал действие
13:05:48.973 INFO   com.company.GUI - Пользователь сделал ставку
13:05:48.974 INFO   com.company.GUI - Игрок под номером 2 сделал действие
13:05:49.024 INFO   com.company.GUI - Найден победитель
13:06:08.259 INFO   com.company.GUI - Пользователь победил
13:06:13.017 INFO   com.company.GUI - Начата новая игра
13:06:14.771 INFO   com.company.GUI - Пользователь сделал ставку
13:06:14.772 INFO   com.company.GUI - Игрок под номером 2 сделал действие
13:06:14.773 INFO   com.company.GUI - Игрок под номером 3 сделал действие
13:06:14.774 INFO   com.company.GUI - Игрок под номером 4 сделал действие
13:06:14.774 INFO   com.company.GUI - Игрок под номером 5 сделал действие
13:06:14.774 INFO   com.company.GUI - Игрок под номером 6 сделал действие
13:06:14.918 INFO   com.company.GUI - Пользователь сделал ставку
13:06:14.919 INFO   com.company.GUI - Игрок под номером 2 сделал действие
13:06:14.920 INFO   com.company.GUI - Игрок под номером 3 сделал действие
13:06:14.920 INFO   com.company.GUI - Игрок под номером 4 сделал действие
13:06:14.920 INFO   com.company.GUI - Игрок под номером 5 сделал действие
13:06:14.920 INFO   com.company.GUI - Игрок под номером 6 сделал действие
13:06:15.137 INFO   com.company.GUI - Пользователь сделал ставку
13:06:15.138 INFO   com.company.GUI - Игрок под номером 2 сделал действие
13:06:15.138 INFO   com.company.GUI - Игрок под номером 3 сделал действие
13:06:15.139 INFO   com.company.GUI - Игрок под номером 4 сделал действие
13:06:15.139 INFO   com.company.GUI - Игрок под номером 5 сделал действие
13:06:15.139 INFO   com.company.GUI - Игрок под номером 6 сделал действие
13:06:26.976 INFO   com.company.GUI - Начата загрузка игры
13:06:31.435 INFO   com.company.GUI - Пользователь сделал ставку
13:06:31.437 INFO   com.company.GUI - Игрок под номером 2 сделал действие
13:06:31.437 INFO   com.company.GUI - Игрок под номером 3 сделал действие
13:06:31.437 INFO   com.company.GUI - Игрок под номером 4 сделал действие
13:06:31.437 INFO   com.company.GUI - Игрок под номером 5 сделал действие
13:06:31.437 INFO   com.company.GUI - Игрок под номером 6 сделал действие
13:06:31.545 INFO   com.company.GUI - Найден победитель
