04:19:16.851 INFO   com.company.Main - Запущен интерфейс
04:19:17.841 INFO   com.company.GUI - Программа запущена
04:19:24.247 INFO   com.company.GUI - Начата новая игра
04:20:13.454 INFO   com.company.Main - Запущен интерфейс
04:20:14.453 INFO   com.company.GUI - Программа запущена
04:20:31.590 INFO   com.company.Main - Запущен интерфейс
04:20:32.710 INFO   com.company.GUI - Программа запущена
04:20:36.639 INFO   com.company.GUI - Начата новая игра08:41:31.866 INFO   com.company.Main - Запущен интерфейс
08:41:32.971 INFO   com.company.GUI - Программа запущена
08:41:35.919 INFO   com.company.GUI - Начата новая игра
08:41:39.258 INFO   com.company.GUI - Пользователь сделал ставку
08:41:39.263 INFO   com.company.GUI - Игрок под номером 2 сделал действие
08:41:39.270 INFO   com.company.GUI - Игрок под номером 3 сделал действие
08:41:39.270 INFO   com.company.GUI - Игрок под номером 4 сделал действие
08:41:39.271 INFO   com.company.GUI - Игрок под номером 5 сделал действие
08:41:39.271 INFO   com.company.GUI - Игрок под номером 6 сделал действие
08:41:40.324 INFO   com.company.GUI - Пользователь сделал ставку
08:41:40.328 INFO   com.company.GUI - Игрок под номером 2 сделал действие
08:41:40.328 INFO   com.company.GUI - Игрок под номером 3 сделал действие
08:41:40.329 INFO   com.company.GUI - Игрок под номером 4 сделал действие
08:41:40.329 INFO   com.company.GUI - Игрок под номером 5 сделал действие
08:41:40.330 INFO   com.company.GUI - Игрок под номером 6 сделал действие
08:41:41.363 INFO   com.company.GUI - Пользователь сделал ставку
08:41:41.365 INFO   com.company.GUI - Игрок под номером 2 сделал действие
08:41:41.366 INFO   com.company.GUI - Игрок под номером 3 сделал действие
08:41:41.367 INFO   com.company.GUI - Игрок под номером 4 сделал действие
08:41:41.367 INFO   com.company.GUI - Игрок под номером 5 сделал действие
08:41:41.368 INFO   com.company.GUI - Игрок под номером 6 сделал действие
08:41:42.221 INFO   com.company.GUI - Пользователь сделал ставку
08:41:42.222 INFO   com.company.GUI - Игрок под номером 2 сделал действие
08:41:42.223 INFO   com.company.GUI - Игрок под номером 3 сделал действие
08:41:42.223 INFO   com.company.GUI - Игрок под номером 4 сделал действие
08:41:42.224 INFO   com.company.GUI - Игрок под номером 5 сделал действие
08:41:42.225 INFO   com.company.GUI - Игрок под номером 6 сделал действие
08:41:42.370 INFO   com.company.GUI - Найден победитель
08:41:47.778 INFO   com.company.GUI - Пользователь сделал ставку
08:41:47.780 INFO   com.company.GUI - Игрок под номером 2 сделал действие
08:41:47.780 INFO   com.company.GUI - Игрок под номером 3 сделал действие
08:41:47.781 INFO   com.company.GUI - Игрок под номером 4 сделал действие
08:41:47.782 INFO   com.company.GUI - Игрок под номером 5 сделал действие
08:41:47.782 INFO   com.company.GUI - Игрок под номером 6 сделал действие
08:41:48.719 INFO   com.company.GUI - Пользователь сделал ставку
08:41:48.721 INFO   com.company.GUI - Игрок под номером 2 сделал действие
08:41:48.722 INFO   com.company.GUI - Игрок под номером 3 сделал действие
08:41:48.723 INFO   com.company.GUI - Игрок под номером 4 сделал действие
08:41:48.723 INFO   com.company.GUI - Игрок под номером 5 сделал действие
08:41:48.724 INFO   com.company.GUI - Игрок под номером 6 сделал действие
08:41:49.409 INFO   com.company.GUI - Пользователь сделал ставку
08:41:49.410 INFO   com.company.GUI - Игрок под номером 2 сделал действие
08:41:49.411 INFO   com.company.GUI - Игрок под номером 3 сделал действие
08:41:49.411 INFO   com.company.GUI - Игрок под номером 4 сделал действие
08:41:49.412 INFO   com.company.GUI - Игрок под номером 5 сделал действие
08:41:49.412 INFO   com.company.GUI - Игрок под номером 6 сделал действие
08:41:50.173 INFO   com.company.GUI - Пользователь сделал ставку
08:41:50.175 INFO   com.company.GUI - Игрок под номером 2 сделал действие
08:41:50.176 INFO   com.company.GUI - Игрок под номером 3 сделал действие
08:41:50.176 INFO   com.company.GUI - Игрок под номером 4 сделал действие
08:41:50.177 INFO   com.company.GUI - Игрок под номером 5 сделал действие
08:41:50.177 INFO   com.company.GUI - Игрок под номером 6 сделал действие
08:41:50.261 INFO   com.company.GUI - Найден победитель
08:42:01.495 INFO   com.company.GUI - Пользователь сделал ставку
08:42:01.496 INFO   com.company.GUI - Игрок под номером 2 сделал действие
08:42:01.497 INFO   com.company.GUI - Игрок под номером 3 сделал действие
08:42:02.195 INFO   com.company.GUI - Пользователь сделал ставку
08:42:02.197 INFO   com.company.GUI - Игрок под номером 2 сделал действие
08:42:02.197 INFO   com.company.GUI - Игрок под номером 3 сделал действие
08:42:02.853 INFO   com.company.GUI - Пользователь сделал ставку
08:42:02.855 INFO   com.company.GUI - Игрок под номером 2 сделал действие
08:42:02.855 INFO   com.company.GUI - Игрок под номером 3 сделал действие
08:42:03.606 INFO   com.company.GUI - Пользователь сделал ставку
08:42:03.608 INFO   com.company.GUI - Игрок под номером 2 сделал действие
08:42:03.608 INFO   com.company.GUI - Игрок под номером 3 сделал действие
08:42:03.706 INFO   com.company.GUI - Найден победитель
08:42:10.098 INFO   com.company.GUI - Пользователь сделал ставку
08:42:10.100 INFO   com.company.GUI - Игрок под номером 2 сделал действие
08:42:10.101 INFO   com.company.GUI - Игрок под номером 3 сделал действие
08:42:10.611 INFO   com.company.GUI - Пользователь сделал ставку
08:42:10.613 INFO   com.company.GUI - Игрок под номером 2 сделал действие
08:42:10.613 INFO   com.company.GUI - Игрок под номером 3 сделал действие
08:42:11.160 INFO   com.company.GUI - Пользователь сделал ставку
08:42:11.161 INFO   com.company.GUI - Игрок под номером 2 сделал действие
08:42:11.162 INFO   com.company.GUI - Игрок под номером 3 сделал действие
08:42:11.891 INFO   com.company.GUI - Пользователь сделал ставку
08:42:11.893 INFO   com.company.GUI - Игрок под номером 2 сделал действие
08:42:11.894 INFO   com.company.GUI - Игрок под номером 3 сделал действие
08:42:11.982 INFO   com.company.GUI - Найден победитель
08:42:30.428 INFO   com.company.GUI - Пользователь сделал ставку
08:42:30.429 INFO   com.company.GUI - Игрок под номером 2 сделал действие
08:42:30.430 INFO   com.company.GUI - Игрок под номером 3 сделал действие
08:42:31.379 INFO   com.company.GUI - Пользователь сделал ставку
08:42:31.381 INFO   com.company.GUI - Игрок под номером 2 сделал действие
08:42:31.381 INFO   com.company.GUI - Игрок под номером 3 сделал действие
08:42:31.990 INFO   com.company.GUI - Пользователь сделал ставку
08:42:31.992 INFO   com.company.GUI - Игрок под номером 2 сделал действие
08:42:31.992 INFO   com.company.GUI - Игрок под номером 3 сделал действие
08:42:32.945 INFO   com.company.GUI - Пользователь сделал ставку
08:42:32.947 INFO   com.company.GUI - Игрок под номером 2 сделал действие
08:42:32.947 INFO   com.company.GUI - Игрок под номером 3 сделал действие
08:42:32.991 INFO   com.company.GUI - Найден победитель
08:42:38.004 INFO   com.company.GUI - Пользователь сделал ставку
08:42:38.005 INFO   com.company.GUI - Игрок под номером 2 сделал действие
08:42:38.706 INFO   com.company.GUI - Пользователь сделал ставку
08:42:38.707 INFO   com.company.GUI - Игрок под номером 2 сделал действие
08:42:39.581 INFO   com.company.GUI - Пользователь сделал ставку
08:42:39.582 INFO   com.company.GUI - Игрок под номером 2 сделал действие
08:42:40.331 INFO   com.company.GUI - Пользователь сделал ставку
08:42:40.332 INFO   com.company.GUI - Игрок под номером 2 сделал действие
08:42:40.366 INFO   com.company.GUI - Найден победитель
08:42:47.201 INFO   com.company.GUI - Пользователь сделал ставку
08:42:47.202 INFO   com.company.GUI - Игрок под номером 2 сделал действие
08:42:48.215 INFO   com.company.GUI - Пользователь сделал ставку
08:42:48.216 INFO   com.company.GUI - Игрок под номером 2 сделал действие
08:42:49.071 INFO   com.company.GUI - Пользователь сделал ставку
08:42:49.073 INFO   com.company.GUI - Игрок под номером 2 сделал действие
08:42:51.907 INFO   com.company.GUI - Пользователь сделал ставку
08:42:51.909 INFO   com.company.GUI - Игрок под номером 2 сделал действие
08:42:52.001 INFO   com.company.GUI - Найден победитель
08:43:06.856 INFO   com.company.GUI - Пользователь сделал ставку
08:43:06.857 INFO   com.company.GUI - Игрок под номером 2 сделал действие
08:43:08.106 INFO   com.company.GUI - Пользователь сделал ставку
08:43:08.107 INFO   com.company.GUI - Игрок под номером 2 сделал действие
08:43:09.126 INFO   com.company.GUI - Пользователь сделал ставку
08:43:09.128 INFO   com.company.GUI - Игрок под номером 2 сделал действие
08:43:09.898 INFO   com.company.GUI - Пользователь сделал ставку
08:43:09.899 INFO   com.company.GUI - Игрок под номером 2 сделал действие
08:43:09.953 INFO   com.company.GUI - Найден победитель
08:43:15.293 INFO   com.company.GUI - Пользователь сделал ставку
08:43:15.294 INFO   com.company.GUI - Игрок под номером 2 сделал действие
08:43:16.096 INFO   com.company.GUI - Пользователь сделал ставку
08:43:16.097 INFO   com.company.GUI - Игрок под номером 2 сделал действие
08:43:16.922 INFO   com.company.GUI - Пользователь сделал ставку
08:43:16.923 INFO   com.company.GUI - Игрок под номером 2 сделал действие
08:43:17.660 INFO   com.company.GUI - Пользователь сделал ставку
08:43:17.661 INFO   com.company.GUI - Игрок под номером 2 сделал действие
08:43:17.696 INFO   com.company.GUI - Найден победитель
08:43:21.502 INFO   com.company.GUI - Пользователь сделал ставку
08:43:21.503 INFO   com.company.GUI - Игрок под номером 2 сделал действие
08:43:22.341 INFO   com.company.GUI - Пользователь сделал ставку
08:43:22.343 INFO   com.company.GUI - Игрок под номером 2 сделал действие
08:43:24.339 INFO   com.company.GUI - Пользователь сделал ставку
08:43:24.340 INFO   com.company.GUI - Игрок под номером 2 сделал действие
08:43:25.091 INFO   com.company.GUI - Пользователь сделал ставку
08:43:25.092 INFO   com.company.GUI - Игрок под номером 2 сделал действие
08:43:25.139 INFO   com.company.GUI - Найден победитель
08:43:32.305 INFO   com.company.GUI - Пользователь сделал ставку
08:43:32.306 INFO   com.company.GUI - Игрок под номером 2 сделал действие
08:43:33.122 INFO   com.company.GUI - Пользователь сделал ставку
08:43:33.123 INFO   com.company.GUI - Игрок под номером 2 сделал действие
08:43:33.911 INFO   com.company.GUI - Пользователь сделал ставку
08:43:33.913 INFO   com.company.GUI - Игрок под номером 2 сделал действие
08:43:35.102 INFO   com.company.GUI - Пользователь сделал ставку
08:43:35.103 INFO   com.company.GUI - Игрок под номером 2 сделал действие
08:43:35.131 INFO   com.company.GUI - Найден победитель
08:43:39.262 INFO   com.company.GUI - Пользователь сделал ставку
08:43:39.263 INFO   com.company.GUI - Игрок под номером 2 сделал действие
08:43:40.533 INFO   com.company.GUI - Пользователь сделал ставку
08:43:40.534 INFO   com.company.GUI - Игрок под номером 2 сделал действие
08:43:41.453 INFO   com.company.GUI - Пользователь сделал ставку
08:43:41.454 INFO   com.company.GUI - Игрок под номером 2 сделал действие
08:43:42.314 INFO   com.company.GUI - Пользователь сделал ставку
08:43:42.315 INFO   com.company.GUI - Игрок под номером 2 сделал действие
08:43:42.365 INFO   com.company.GUI - Найден победитель
08:43:44.417 INFO   com.company.GUI - Пользователь победил
08:43:58.641 INFO   com.company.GUI - Начата новая игра
08:44:01.392 INFO   com.company.GUI - Пользователь сделал ставку
08:44:01.393 INFO   com.company.GUI - Игрок под номером 2 сделал действие
08:44:01.393 INFO   com.company.GUI - Игрок под номером 3 сделал действие
08:44:01.394 INFO   com.company.GUI - Игрок под номером 4 сделал действие
08:44:01.394 INFO   com.company.GUI - Игрок под номером 5 сделал действие
08:44:01.394 INFO   com.company.GUI - Игрок под номером 6 сделал действие
08:44:11.703 INFO   com.company.GUI - Начата загрузка игры
08:44:25.197 INFO   com.company.GUI - Пользователь сделал ставку
08:44:25.199 INFO   com.company.GUI - Игрок под номером 2 сделал действие
08:44:25.199 INFO   com.company.GUI - Игрок под номером 3 сделал действие
08:44:25.199 INFO   com.company.GUI - Игрок под номером 4 сделал действие
08:44:25.200 INFO   com.company.GUI - Игрок под номером 5 сделал действие
08:44:25.200 INFO   com.company.GUI - Игрок под номером 6 сделал действие
08:44:48.826 INFO   com.company.Main - Запущен интерфейс
08:44:49.684 INFO   com.company.GUI - Программа запущена
08:44:53.063 INFO   com.company.GUI - Начата загрузка игры
08:44:56.220 INFO   com.company.GUI - Пользователь сделал ставку
08:44:56.228 INFO   com.company.GUI - Игрок под номером 2 сделал действие
08:44:56.234 INFO   com.company.GUI - Игрок под номером 3 сделал действие
08:44:56.236 INFO   com.company.GUI - Игрок под номером 4 сделал действие
08:44:56.236 INFO   com.company.GUI - Игрок под номером 5 сделал действие
08:44:56.237 INFO   com.company.GUI - Игрок под номером 6 сделал действие
08:44:56.992 INFO   com.company.GUI - Пользователь сделал ставку
08:44:56.995 INFO   com.company.GUI - Игрок под номером 2 сделал действие
08:44:56.995 INFO   com.company.GUI - Игрок под номером 3 сделал действие
08:44:56.995 INFO   com.company.GUI - Игрок под номером 4 сделал действие
08:44:56.996 INFO   com.company.GUI - Игрок под номером 5 сделал действие
08:44:56.997 INFO   com.company.GUI - Игрок под номером 6 сделал действие
08:44:57.146 INFO   com.company.GUI - Найден победитель
08:45:25.576 INFO   com.company.GUI - Выход из игры
09:02:50.676 INFO   com.company.Main - Запущен интерфейс
09:02:51.950 INFO   com.company.GUI - Программа запущена
09:02:54.207 INFO   com.company.GUI - Начата новая игра
09:02:57.200 INFO   com.company.GUI - Пользователь сделал ставку
09:02:57.205 INFO   com.company.GUI - Игрок под номером 2 сделал действие
09:02:57.246 INFO   com.company.GUI - Игрок под номером 3 сделал действие
09:02:57.247 INFO   com.company.GUI - Игрок под номером 4 сделал действие
09:02:57.248 INFO   com.company.GUI - Игрок под номером 5 сделал действие
09:02:57.250 INFO   com.company.GUI - Игрок под номером 6 сделал действие
09:03:07.769 INFO   com.company.GUI - Выход из игры
09:05:31.826 INFO   com.company.Main - Запущен интерфейс
09:05:32.725 INFO   com.company.GUI - Программа запущена
09:05:35.351 INFO   com.company.GUI - Начата новая игра
09:05:37.717 INFO   com.company.GUI - Пользователь сделал ставку
09:05:37.727 INFO   com.company.GUI - Игрок под номером 2 сделал действие
09:05:37.727 INFO   com.company.GUI - Игрок под номером 3 сделал действие
09:05:37.728 INFO   com.company.GUI - Игрок под номером 4 сделал действие
09:05:37.728 INFO   com.company.GUI - Игрок под номером 5 сделал действие
09:05:37.729 INFO   com.company.GUI - Игрок под номером 6 сделал действие
09:05:40.208 INFO   com.company.GUI - Пользователь сделал ставку
09:05:40.211 INFO   com.company.GUI - Игрок под номером 2 сделал действие
09:05:40.212 INFO   com.company.GUI - Игрок под номером 3 сделал действие
09:05:40.214 INFO   com.company.GUI - Игрок под номером 4 сделал действие
09:05:40.215 INFO   com.company.GUI - Игрок под номером 5 сделал действие
09:05:40.215 INFO   com.company.GUI - Игрок под номером 6 сделал действие
09:06:09.170 INFO   com.company.Main - Запущен интерфейс
09:06:10.076 INFO   com.company.GUI - Программа запущена
09:06:13.507 INFO   com.company.GUI - Начата новая игра
09:06:17.015 INFO   com.company.GUI - Пользователь сделал ставку
09:06:17.021 INFO   com.company.GUI - Игрок под номером 2 сделал действие
09:06:17.027 INFO   com.company.GUI - Игрок под номером 3 сделал действие
09:06:17.028 INFO   com.company.GUI - Игрок под номером 4 сделал действие
09:06:17.028 INFO   com.company.GUI - Игрок под номером 5 сделал действие
09:06:17.028 INFO   com.company.GUI - Игрок под номером 6 сделал действие
09:06:18.015 INFO   com.company.GUI - Пользователь сделал ставку
09:06:18.017 INFO   com.company.GUI - Игрок под номером 2 сделал действие
09:06:18.018 INFO   com.company.GUI - Игрок под номером 3 сделал действие
09:06:18.020 INFO   com.company.GUI - Игрок под номером 4 сделал действие
09:06:18.020 INFO   com.company.GUI - Игрок под номером 5 сделал действие
09:06:18.021 INFO   com.company.GUI - Игрок под номером 6 сделал действие
09:06:26.663 INFO   com.company.GUI - Начата загрузка игры
09:06:31.507 INFO   com.company.GUI - Пользователь сделал ставку
09:06:31.509 INFO   com.company.GUI - Игрок под номером 2 сделал действие
09:06:31.510 INFO   com.company.GUI - Игрок под номером 3 сделал действие
09:06:31.511 INFO   com.company.GUI - Игрок под номером 4 сделал действие
09:06:31.511 INFO   com.company.GUI - Игрок под номером 5 сделал действие
09:06:31.512 INFO   com.company.GUI - Игрок под номером 6 сделал действие
09:06:32.186 INFO   com.company.GUI - Пользователь сделал ставку
09:06:32.188 INFO   com.company.GUI - Игрок под номером 2 сделал действие
09:06:32.189 INFO   com.company.GUI - Игрок под номером 3 сделал действие
09:06:32.190 INFO   com.company.GUI - Игрок под номером 4 сделал действие
09:06:32.191 INFO   com.company.GUI - Игрок под номером 5 сделал действие
09:06:32.191 INFO   com.company.GUI - Игрок под номером 6 сделал действие
09:06:32.326 INFO   com.company.GUI - Найден победитель
09:06:36.597 INFO   com.company.GUI - Пользователь сделал ставку
09:06:36.600 INFO   com.company.GUI - Игрок под номером 2 сделал действие
09:06:36.600 INFO   com.company.GUI - Игрок под номером 3 сделал действие
09:06:36.601 INFO   com.company.GUI - Игрок под номером 4 сделал действие
09:06:36.602 INFO   com.company.GUI - Игрок под номером 5 сделал действие
09:06:37.274 INFO   com.company.GUI - Пользователь сделал ставку
09:06:37.276 INFO   com.company.GUI - Игрок под номером 2 сделал действие
09:06:37.276 INFO   com.company.GUI - Игрок под номером 3 сделал действие
09:06:37.277 INFO   com.company.GUI - Игрок под номером 4 сделал действие
09:06:37.277 INFO   com.company.GUI - Игрок под номером 5 сделал действие
09:06:37.943 INFO   com.company.GUI - Пользователь сделал ставку
09:06:37.945 INFO   com.company.GUI - Игрок под номером 2 сделал действие
09:06:37.946 INFO   com.company.GUI - Игрок под номером 3 сделал действие
09:06:37.947 INFO   com.company.GUI - Игрок под номером 4 сделал действие
09:06:37.948 INFO   com.company.GUI - Игрок под номером 5 сделал действие
09:06:38.803 INFO   com.company.GUI - Пользователь сделал ставку
09:06:38.805 INFO   com.company.GUI - Игрок под номером 2 сделал действие
09:06:38.806 INFO   com.company.GUI - Игрок под номером 3 сделал действие
09:06:38.807 INFO   com.company.GUI - Игрок под номером 4 сделал действие
09:06:38.807 INFO   com.company.GUI - Игрок под номером 5 сделал действие
09:06:38.961 INFO   com.company.GUI - Найден победитель
09:06:42.234 INFO   com.company.GUI - Пользователь сделал ставку
09:06:42.236 INFO   com.company.GUI - Игрок под номером 2 сделал действие
09:06:42.236 INFO   com.company.GUI - Игрок под номером 3 сделал действие
09:06:52.165 INFO   com.company.GUI - Пользователь сделал ставку
09:06:52.166 INFO   com.company.GUI - Игрок под номером 2 сделал действие
09:06:52.167 INFO   com.company.GUI - Игрок под номером 3 сделал действие
09:06:52.855 INFO   com.company.GUI - Пользователь сделал ставку
09:06:52.857 INFO   com.company.GUI - Игрок под номером 2 сделал действие
09:06:52.857 INFO   com.company.GUI - Игрок под номером 3 сделал действие
09:06:53.546 INFO   com.company.GUI - Пользователь сделал ставку
09:06:53.547 INFO   com.company.GUI - Игрок под номером 2 сделал действие
09:06:53.548 INFO   com.company.GUI - Игрок под номером 3 сделал действие
09:06:53.582 INFO   com.company.GUI - Найден победитель
09:06:57.159 INFO   com.company.GUI - Пользователь сделал ставку
09:06:57.160 INFO   com.company.GUI - Игрок под номером 2 сделал действие
09:06:57.734 INFO   com.company.GUI - Пользователь сделал ставку
09:06:57.736 INFO   com.company.GUI - Игрок под номером 2 сделал действие
09:06:58.330 INFO   com.company.GUI - Пользователь сделал ставку
09:06:58.332 INFO   com.company.GUI - Игрок под номером 2 сделал действие
09:16:36.171 INFO   com.company.Main - Запущен интерфейс
09:16:37.019 INFO   com.company.GUI - Программа запущена
09:16:39.291 INFO   com.company.GUI - Начата новая игра
09:16:41.234 INFO   com.company.GUI - Пользователь сделал ставку
09:16:41.240 INFO   com.company.GUI - Игрок под номером 2 сделал действие
09:16:41.241 INFO   com.company.GUI - Игрок под номером 3 сделал действие
09:16:41.242 INFO   com.company.GUI - Игрок под номером 4 сделал действие
09:16:41.242 INFO   com.company.GUI - Игрок под номером 5 сделал действие
09:16:41.242 INFO   com.company.GUI - Игрок под номером 6 сделал действие
09:16:42.007 INFO   com.company.GUI - Пользователь сделал ставку
09:16:42.008 INFO   com.company.GUI - Игрок под номером 2 сделал действие
09:16:42.009 INFO   com.company.GUI - Игрок под номером 3 сделал действие
09:16:42.009 INFO   com.company.GUI - Игрок под номером 4 сделал действие
09:16:42.009 INFO   com.company.GUI - Игрок под номером 5 сделал действие
09:16:42.010 INFO   com.company.GUI - Игрок под номером 6 сделал действие
09:16:52.181 INFO   com.company.GUI - Пользователь сделал ставку
09:16:52.183 INFO   com.company.GUI - Игрок под номером 2 сделал действие
09:16:52.183 INFO   com.company.GUI - Игрок под номером 3 сделал действие
09:16:52.183 INFO   com.company.GUI - Игрок под номером 4 сделал действие
09:16:52.183 INFO   com.company.GUI - Игрок под номером 5 сделал действие
09:16:52.183 INFO   com.company.GUI - Игрок под номером 6 сделал действие
09:17:07.266 INFO   com.company.GUI - Выход из игры
09:17:12.508 INFO   com.company.Main - Запущен интерфейс
09:17:13.227 INFO   com.company.GUI - Программа запущена
09:17:15.741 INFO   com.company.GUI - Начата загрузка игры
09:23:18.451 INFO   com.company.Main - Запущен интерфейс
09:23:19.108 INFO   com.company.GUI - Программа запущена
09:23:42.503 INFO   com.company.Main - Запущен интерфейс
09:23:43.213 INFO   com.company.GUI - Программа запущена
09:23:45.392 INFO   com.company.GUI - Начата новая игра
09:23:47.974 INFO   com.company.GUI - Пользователь сделал ставку
09:23:47.978 INFO   com.company.GUI - Игрок под номером 2 сделал действие
09:23:47.982 INFO   com.company.GUI - Игрок под номером 3 сделал действие
09:23:47.982 INFO   com.company.GUI - Игрок под номером 4 сделал действие
09:23:47.983 INFO   com.company.GUI - Игрок под номером 5 сделал действие
09:23:47.983 INFO   com.company.GUI - Игрок под номером 6 сделал действие
09:29:26.471 INFO   com.company.Main - Запущен интерфейс
09:29:27.177 INFO   com.company.GUI - Программа запущена
09:29:29.705 INFO   com.company.GUI - Начата новая игра
09:29:31.965 INFO   com.company.GUI - Пользователь сделал ставку
09:29:31.969 INFO   com.company.GUI - Игрок под номером 2 сделал действие
09:29:31.973 INFO   com.company.GUI - Игрок под номером 3 сделал действие
09:29:31.973 INFO   com.company.GUI - Игрок под номером 4 сделал действие
09:29:31.974 INFO   com.company.GUI - Игрок под номером 5 сделал действие
09:29:31.974 INFO   com.company.GUI - Игрок под номером 6 сделал действие
09:29:32.171 INFO   com.company.GUI - Пользователь сделал ставку
09:29:32.173 INFO   com.company.GUI - Игрок под номером 2 сделал действие
09:29:32.174 INFO   com.company.GUI - Игрок под номером 3 сделал действие
09:29:32.175 INFO   com.company.GUI - Игрок под номером 4 сделал действие
09:29:32.175 INFO   com.company.GUI - Игрок под номером 5 сделал действие
09:29:32.175 INFO   com.company.GUI - Игрок под номером 6 сделал действие
09:29:39.461 INFO   com.company.GUI - Выход из игры
09:32:59.166 INFO   com.company.Main - Запущен интерфейс
09:32:59.863 INFO   com.company.GUI - Программа запущена
09:33:01.467 INFO   com.company.GUI - Начата новая игра
09:33:03.866 INFO   com.company.GUI - Пользователь сделал ставку
09:33:03.871 INFO   com.company.GUI - Игрок под номером 2 сделал действие
09:33:03.872 INFO   com.company.GUI - Игрок под номером 3 сделал действие
09:33:03.873 INFO   com.company.GUI - Игрок под номером 4 сделал действие
09:33:03.874 INFO   com.company.GUI - Игрок под номером 5 сделал действие
09:33:03.874 INFO   com.company.GUI - Игрок под номером 6 сделал действие
09:33:10.472 INFO   com.company.GUI - Выход из игры
